#interconnections routed = 10
Total interconnection length = 265
The longest interconnection = 8; length = 53
Total number of bends = 53
Interconnection 1: length = 27, #bends = 8
(18, 22), (17, 22), (17, 21), (17, 20), (17, 19), (17, 18), (17, 17), (17, 16), (18, 16), (18, 15), (18, 14), (18, 13), (19, 13), (19, 12), (19, 11), (19, 10), (18, 10), (17, 10), (16, 10), (15, 10), (14, 10), (14, 9), (14, 8), (14, 7), (14, 6), (14, 5), (13, 5), (12, 5)
Interconnection 2: length = 20, #bends = 7
(5, 9), (6, 9), (6, 10), (7, 10), (8, 10), (8, 11), (9, 11), (10, 11), (11, 11), (12, 11), (13, 11), (13, 10), (13, 9), (13, 8), (13, 7), (13, 6), (12, 6), (11, 6), (10, 6), (9, 6), (9, 7)
Interconnection 3: length = 44, #bends = 10
(15, 19), (15, 20), (16, 20), (16, 21), (16, 22), (16, 23), (16, 24), (16, 25), (17, 25), (18, 25), (19, 25), (20, 25), (21, 25), (22, 25), (23, 25), (23, 24), (23, 23), (23, 22), (23, 21), (23, 20), (23, 19), (23, 18), (23, 17), (23, 16), (23, 15), (23, 14), (23, 13), (23, 12), (23, 11), (24, 11), (25, 11), (25, 12), (25, 13), (25, 14), (25, 15), (25, 16), (25, 17), (25, 18), (26, 18), (26, 19), (26, 20), (27, 20), (28, 20), (29, 20), (29, 19)
Interconnection 4: length = 7, #bends = 3
(9, 8), (8, 8), (8, 7), (8, 6), (8, 5), (9, 5), (9, 4), (9, 3)
Interconnection 5: length = 40, #bends = 3
(32, 25), (32, 24), (32, 23), (32, 22), (32, 21), (32, 20), (32, 19), (32, 18), (32, 17), (32, 16), (32, 15), (32, 14), (32, 13), (32, 12), (32, 11), (32, 10), (31, 10), (30, 10), (29, 10), (28, 10), (27, 10), (26, 10), (25, 10), (24, 10), (23, 10), (22, 10), (22, 11), (22, 12), (22, 13), (22, 14), (22, 15), (22, 16), (22, 17), (22, 18), (22, 19), (22, 20), (22, 21), (22, 22), (21, 22), (20, 22), (19, 22)
Interconnection 6: length = 8, #bends = 2
(28, 31), (27, 31), (27, 30), (27, 29), (27, 28), (27, 27), (27, 26), (26, 26), (25, 26)
Interconnection 7: length = 10, #bends = 2
(12, 26), (12, 27), (12, 28), (11, 28), (10, 28), (9, 28), (9, 27), (9, 26), (9, 25), (9, 24), (9, 23)
Interconnection 8: length = 53, #bends = 9
(1, 15), (2, 15), (3, 15), (4, 15), (5, 15), (6, 15), (7, 15), (8, 15), (9, 15), (10, 15), (11, 15), (12, 15), (12, 14), (12, 13), (12, 12), (11, 12), (10, 12), (9, 12), (8, 12), (7, 12), (7, 11), (6, 11), (5, 11), (5, 10), (4, 10), (4, 9), (4, 8), (4, 7), (4, 6), (4, 5), (4, 4), (4, 3), (4, 2), (5, 2), (6, 2), (7, 2), (8, 2), (9, 2), (10, 2), (11, 2), (12, 2), (13, 2), (14, 2), (15, 2), (16, 2), (17, 2), (18, 2), (19, 2), (20, 2), (21, 2), (22, 2), (23, 2), (24, 2), (24, 1)
Interconnection 9: length = 43, #bends = 5
(1, 20), (2, 20), (3, 20), (4, 20), (5, 20), (6, 20), (7, 20), (8, 20), (9, 20), (10, 20), (11, 20), (12, 20), (12, 21), (12, 22), (12, 23), (12, 24), (12, 25), (13, 25), (14, 25), (15, 25), (15, 26), (16, 26), (17, 26), (18, 26), (19, 26), (20, 26), (21, 26), (22, 26), (23, 26), (24, 26), (24, 25), (24, 24), (24, 23), (24, 22), (24, 21), (24, 20), (24, 19), (24, 18), (24, 17), (24, 16), (24, 15), (24, 14), (24, 13), (24, 12)
Interconnection 10: length = 13, #bends = 4
(28, 25), (29, 25), (30, 25), (30, 24), (30, 23), (30, 22), (30, 21), (30, 20), (30, 19), (30, 18), (29, 18), (28, 18), (28, 19), (27, 19)
