#interconnections routed = 18
Total interconnection length = 870
The longest interconnection = 13; length = 125
Total number of bends = 130
Interconnection 1: fails.
Interconnection 2: fails.
Interconnection 3: fails.
Interconnection 4: length = 13, #bends = 3
(40, 52), (41, 52), (42, 52), (43, 52), (43, 53), (43, 54), (44, 54), (45, 54), (46, 54), (47, 54), (48, 54), (48, 55), (48, 56), (48, 57)
Interconnection 5: length = 39, #bends = 3
(58, 16), (58, 17), (58, 18), (58, 19), (58, 20), (58, 21), (58, 22), (57, 22), (56, 22), (55, 22), (54, 22), (54, 23), (54, 24), (54, 25), (54, 26), (54, 27), (54, 28), (54, 29), (53, 29), (52, 29), (51, 29), (50, 29), (49, 29), (48, 29), (47, 29), (46, 29), (45, 29), (44, 29), (43, 29), (42, 29), (41, 29), (40, 29), (39, 29), (38, 29), (37, 29), (36, 29), (35, 29), (34, 29), (33, 29), (32, 29)
Interconnection 6: length = 22, #bends = 5
(9, 44), (9, 43), (9, 42), (8, 42), (7, 42), (6, 42), (5, 42), (4, 42), (4, 41), (4, 40), (4, 39), (4, 38), (4, 37), (4, 36), (4, 35), (4, 34), (4, 33), (4, 32), (3, 32), (2, 32), (2, 31), (2, 30), (3, 30)
Interconnection 7: length = 54, #bends = 15
(29, 1), (28, 1), (27, 1), (26, 1), (25, 1), (24, 1), (23, 1), (22, 1), (21, 1), (20, 1), (19, 1), (18, 1), (17, 1), (16, 1), (15, 1), (14, 1), (14, 2), (14, 3), (14, 4), (13, 4), (12, 4), (11, 4), (10, 4), (9, 4), (8, 4), (7, 4), (7, 5), (7, 6), (7, 7), (6, 7), (5, 7), (4, 7), (4, 8), (4, 9), (3, 9), (3, 10), (3, 11), (2, 11), (1, 11), (1, 12), (1, 13), (2, 13), (3, 13), (4, 13), (5, 13), (5, 12), (5, 11), (6, 11), (7, 11), (7, 10), (8, 10), (9, 10), (10, 10), (10, 9), (10, 8)
Interconnection 8: length = 71, #bends = 11
(30, 9), (30, 10), (30, 11), (30, 12), (30, 13), (30, 14), (29, 14), (28, 14), (27, 14), (26, 14), (25, 14), (24, 14), (23, 14), (22, 14), (21, 14), (20, 14), (19, 14), (18, 14), (17, 14), (16, 14), (16, 13), (16, 12), (15, 12), (14, 12), (13, 12), (12, 12), (11, 12), (10, 12), (9, 12), (8, 12), (7, 12), (6, 12), (6, 13), (6, 14), (6, 15), (6, 16), (6, 17), (6, 18), (6, 19), (6, 20), (6, 21), (6, 22), (6, 23), (5, 23), (4, 23), (4, 24), (4, 25), (4, 26), (4, 27), (4, 28), (4, 29), (3, 29), (2, 29), (1, 29), (1, 30), (1, 31), (1, 32), (1, 33), (2, 33), (3, 33), (3, 34), (3, 35), (3, 36), (3, 37), (3, 38), (3, 39), (3, 40), (3, 41), (3, 42), (3, 43), (4, 43), (5, 43)
Interconnection 9: fails.
Interconnection 10: fails.
Interconnection 11: length = 86, #bends = 9
(61, 53), (61, 52), (61, 51), (61, 50), (61, 49), (61, 48), (61, 47), (61, 46), (61, 45), (61, 44), (61, 43), (61, 42), (61, 41), (61, 40), (61, 39), (61, 38), (61, 37), (61, 36), (61, 35), (61, 34), (61, 33), (61, 32), (61, 31), (61, 30), (61, 29), (61, 28), (61, 27), (61, 26), (61, 25), (61, 24), (61, 23), (61, 22), (61, 21), (61, 20), (61, 19), (61, 18), (61, 17), (61, 16), (61, 15), (61, 14), (60, 14), (59, 14), (59, 13), (58, 13), (57, 13), (56, 13), (55, 13), (54, 13), (53, 13), (52, 13), (51, 13), (50, 13), (49, 13), (48, 13), (47, 13), (46, 13), (45, 13), (44, 13), (43, 13), (42, 13), (41, 13), (40, 13), (40, 12), (40, 11), (39, 11), (38, 11), (38, 10), (38, 9), (38, 8), (37, 8), (36, 8), (35, 8), (34, 8), (33, 8), (32, 8), (31, 8), (30, 8), (29, 8), (29, 9), (29, 10), (29, 11), (29, 12), (29, 13), (28, 13), (27, 13), (26, 13), (25, 13)
Interconnection 12: length = 34, #bends = 1
(13, 56), (14, 56), (15, 56), (16, 56), (17, 56), (18, 56), (19, 56), (20, 56), (21, 56), (22, 56), (23, 56), (24, 56), (25, 56), (26, 56), (27, 56), (28, 56), (29, 56), (30, 56), (31, 56), (32, 56), (33, 56), (34, 56), (35, 56), (36, 56), (37, 56), (38, 56), (39, 56), (40, 56), (41, 56), (42, 56), (43, 56), (44, 56), (45, 56), (46, 56), (46, 55)
Interconnection 13: length = 125, #bends = 18
(53, 60), (53, 59), (52, 59), (51, 59), (50, 59), (49, 59), (48, 59), (47, 59), (46, 59), (46, 58), (45, 58), (44, 58), (43, 58), (42, 58), (41, 58), (40, 58), (39, 58), (38, 58), (37, 58), (36, 58), (35, 58), (34, 58), (33, 58), (32, 58), (31, 58), (30, 58), (29, 58), (28, 58), (27, 58), (26, 58), (25, 58), (24, 58), (23, 58), (22, 58), (21, 58), (20, 58), (19, 58), (18, 58), (17, 58), (16, 58), (15, 58), (14, 58), (13, 58), (12, 58), (11, 58), (10, 58), (9, 58), (9, 57), (9, 56), (10, 56), (11, 56), (12, 56), (12, 55), (13, 55), (14, 55), (15, 55), (16, 55), (17, 55), (17, 54), (18, 54), (19, 54), (20, 54), (21, 54), (22, 54), (23, 54), (23, 53), (23, 52), (23, 51), (23, 50), (23, 49), (23, 48), (23, 47), (23, 46), (23, 45), (23, 44), (23, 43), (23, 42), (23, 41), (23, 40), (23, 39), (22, 39), (21, 39), (20, 39), (19, 39), (18, 39), (17, 39), (16, 39), (15, 39), (14, 39), (13, 39), (12, 39), (12, 38), (12, 37), (12, 36), (12, 35), (12, 34), (12, 33), (11, 33), (10, 33), (9, 33), (8, 33), (8, 32), (8, 31), (8, 30), (7, 30), (6, 30), (5, 30), (5, 29), (5, 28), (5, 27), (5, 26), (5, 25), (5, 24), (6, 24), (7, 24), (7, 23), (7, 22), (7, 21), (7, 20), (7, 19), (7, 18), (7, 17), (7, 16), (7, 15), (7, 14), (7, 13)
Interconnection 14: fails.
Interconnection 15: length = 25, #bends = 1
(18, 55), (19, 55), (20, 55), (21, 55), (22, 55), (23, 55), (24, 55), (24, 54), (24, 53), (24, 52), (24, 51), (24, 50), (24, 49), (24, 48), (24, 47), (24, 46), (24, 45), (24, 44), (24, 43), (24, 42), (24, 41), (24, 40), (24, 39), (24, 38), (24, 37), (24, 36)
Interconnection 16: length = 77, #bends = 8
(60, 32), (59, 32), (59, 33), (59, 34), (59, 35), (59, 36), (59, 37), (59, 38), (59, 39), (59, 40), (59, 41), (59, 42), (59, 43), (59, 44), (59, 45), (59, 46), (59, 47), (59, 48), (59, 49), (59, 50), (59, 51), (59, 52), (59, 53), (59, 54), (59, 55), (59, 56), (58, 56), (57, 56), (57, 57), (56, 57), (55, 57), (55, 58), (54, 58), (53, 58), (52, 58), (51, 58), (50, 58), (49, 58), (48, 58), (47, 58), (47, 57), (46, 57), (45, 57), (44, 57), (43, 57), (42, 57), (41, 57), (40, 57), (39, 57), (38, 57), (37, 57), (36, 57), (35, 57), (34, 57), (33, 57), (32, 57), (31, 57), (30, 57), (29, 57), (28, 57), (27, 57), (26, 57), (25, 57), (24, 57), (23, 57), (22, 57), (21, 57), (20, 57), (19, 57), (18, 57), (17, 57), (16, 57), (15, 57), (14, 57), (13, 57), (12, 57), (11, 57), (10, 57)
Interconnection 17: length = 18, #bends = 7
(13, 7), (13, 6), (12, 6), (11, 6), (10, 6), (9, 6), (9, 7), (9, 8), (8, 8), (7, 8), (6, 8), (5, 8), (5, 9), (5, 10), (4, 10), (4, 11), (4, 12), (3, 12), (2, 12)
Interconnection 18: fails.
Interconnection 19: fails.
Interconnection 20: length = 24, #bends = 3
(22, 49), (22, 48), (21, 48), (20, 48), (19, 48), (18, 48), (17, 48), (16, 48), (15, 48), (14, 48), (13, 48), (12, 48), (11, 48), (10, 48), (9, 48), (8, 48), (7, 48), (6, 48), (5, 48), (5, 49), (5, 50), (4, 50), (3, 50), (2, 50), (1, 50)
Interconnection 21: fails.
Interconnection 22: fails.
Interconnection 23: length = 78, #bends = 4
(8, 7), (8, 6), (8, 5), (9, 5), (10, 5), (11, 5), (12, 5), (13, 5), (14, 5), (15, 5), (15, 4), (15, 3), (15, 2), (16, 2), (17, 2), (18, 2), (19, 2), (20, 2), (21, 2), (22, 2), (23, 2), (24, 2), (25, 2), (26, 2), (27, 2), (28, 2), (29, 2), (30, 2), (31, 2), (32, 2), (33, 2), (34, 2), (35, 2), (36, 2), (37, 2), (38, 2), (39, 2), (40, 2), (41, 2), (42, 2), (43, 2), (44, 2), (45, 2), (46, 2), (47, 2), (48, 2), (49, 2), (50, 2), (51, 2), (52, 2), (53, 2), (54, 2), (55, 2), (56, 2), (57, 2), (58, 2), (59, 2), (60, 2), (61, 2), (62, 2), (62, 3), (62, 4), (62, 5), (62, 6), (62, 7), (62, 8), (62, 9), (62, 10), (62, 11), (62, 12), (62, 13), (62, 14), (62, 15), (62, 16), (62, 17), (62, 18), (62, 19), (62, 20), (62, 21)
Interconnection 24: length = 30, #bends = 7
(8, 11), (9, 11), (10, 11), (11, 11), (12, 11), (12, 10), (12, 9), (13, 9), (14, 9), (15, 9), (15, 8), (15, 7), (16, 7), (16, 6), (16, 5), (16, 4), (16, 3), (17, 3), (18, 3), (19, 3), (20, 3), (21, 3), (22, 3), (23, 3), (24, 3), (24, 4), (24, 5), (24, 6), (24, 7), (24, 8), (24, 9)
Interconnection 25: length = 58, #bends = 13
(9, 31), (9, 30), (10, 30), (11, 30), (12, 30), (13, 30), (14, 30), (15, 30), (16, 30), (17, 30), (17, 29), (18, 29), (18, 28), (18, 27), (19, 27), (20, 27), (21, 27), (22, 27), (23, 27), (23, 26), (23, 25), (23, 24), (23, 23), (23, 22), (24, 22), (25, 22), (26, 22), (27, 22), (28, 22), (29, 22), (29, 21), (29, 20), (30, 20), (31, 20), (32, 20), (33, 20), (34, 20), (35, 20), (36, 20), (37, 20), (38, 20), (39, 20), (40, 20), (41, 20), (42, 20), (42, 19), (43, 19), (44, 19), (45, 19), (46, 19), (47, 19), (48, 19), (49, 19), (50, 19), (50, 18), (50, 17), (50, 16), (51, 16), (52, 16)
Interconnection 26: fails.
Interconnection 27: length = 21, #bends = 3
(41, 34), (41, 35), (41, 36), (40, 36), (40, 37), (40, 38), (40, 39), (40, 40), (40, 41), (39, 41), (38, 41), (37, 41), (36, 41), (35, 41), (34, 41), (33, 41), (32, 41), (31, 41), (30, 41), (29, 41), (28, 41), (27, 41)
Interconnection 28: length = 41, #bends = 8
(31, 34), (31, 33), (31, 32), (31, 31), (31, 30), (31, 29), (30, 29), (29, 29), (29, 28), (29, 27), (29, 26), (29, 25), (29, 24), (30, 24), (30, 23), (30, 22), (30, 21), (31, 21), (32, 21), (33, 21), (34, 21), (35, 21), (36, 21), (37, 21), (38, 21), (39, 21), (40, 21), (41, 21), (42, 21), (43, 21), (43, 20), (44, 20), (45, 20), (46, 20), (47, 20), (48, 20), (49, 20), (50, 20), (51, 20), (51, 19), (51, 18), (51, 17)
Interconnection 29: fails.
Interconnection 30: length = 54, #bends = 11
(9, 32), (10, 32), (11, 32), (12, 32), (13, 32), (13, 33), (13, 34), (13, 35), (13, 36), (13, 37), (13, 38), (14, 38), (15, 38), (16, 38), (17, 38), (18, 38), (19, 38), (20, 38), (21, 38), (22, 38), (22, 37), (22, 36), (23, 36), (23, 35), (24, 35), (25, 35), (26, 35), (27, 35), (28, 35), (29, 35), (30, 35), (31, 35), (32, 35), (33, 35), (34, 35), (35, 35), (36, 35), (37, 35), (38, 35), (39, 35), (40, 35), (40, 34), (40, 33), (41, 33), (42, 33), (43, 33), (44, 33), (45, 33), (46, 33), (46, 34), (46, 35), (46, 36), (47, 36), (48, 36), (48, 37)
