#interconnections routed = 9
Total interconnection length = 231
The longest interconnection = 8; length = 59
Total number of bends = 29
Interconnection 1: length = 23, #bends = 3
(18, 22), (18, 21), (18, 20), (18, 19), (18, 18), (18, 17), (18, 16), (18, 15), (17, 15), (16, 15), (15, 15), (14, 15), (13, 15), (13, 14), (13, 13), (13, 12), (13, 11), (13, 10), (13, 9), (13, 8), (13, 7), (13, 6), (13, 5), (12, 5)
Interconnection 2: length = 6, #bends = 2
(5, 9), (6, 9), (7, 9), (7, 8), (7, 7), (8, 7), (9, 7)
Interconnection 3: fails.
Interconnection 4: length = 21, #bends = 4
(9, 8), (9, 9), (9, 10), (8, 10), (7, 10), (6, 10), (5, 10), (4, 10), (4, 9), (4, 8), (4, 7), (4, 6), (4, 5), (4, 4), (4, 3), (4, 2), (5, 2), (6, 2), (7, 2), (8, 2), (9, 2), (9, 3)
Interconnection 5: length = 38, #bends = 3
(32, 25), (32, 24), (32, 23), (32, 22), (32, 21), (32, 20), (32, 19), (32, 18), (32, 17), (32, 16), (32, 15), (32, 14), (32, 13), (32, 12), (32, 11), (31, 11), (30, 11), (29, 11), (28, 11), (27, 11), (26, 11), (25, 11), (24, 11), (23, 11), (23, 12), (23, 13), (23, 14), (23, 15), (23, 16), (23, 17), (23, 18), (23, 19), (23, 20), (23, 21), (23, 22), (22, 22), (21, 22), (20, 22), (19, 22)
Interconnection 6: length = 8, #bends = 2
(28, 31), (27, 31), (27, 30), (27, 29), (27, 28), (27, 27), (27, 26), (26, 26), (25, 26)
Interconnection 7: length = 10, #bends = 2
(12, 26), (12, 27), (12, 28), (11, 28), (10, 28), (9, 28), (9, 27), (9, 26), (9, 25), (9, 24), (9, 23)
Interconnection 8: length = 59, #bends = 6
(1, 15), (2, 15), (3, 15), (4, 15), (5, 15), (6, 15), (7, 15), (8, 15), (9, 15), (10, 15), (11, 15), (12, 15), (12, 14), (12, 13), (12, 12), (12, 11), (11, 11), (10, 11), (9, 11), (8, 11), (7, 11), (6, 11), (5, 11), (4, 11), (3, 11), (2, 11), (1, 11), (1, 10), (1, 9), (1, 8), (1, 7), (1, 6), (1, 5), (1, 4), (2, 4), (3, 4), (3, 3), (3, 2), (3, 1), (4, 1), (5, 1), (6, 1), (7, 1), (8, 1), (9, 1), (10, 1), (11, 1), (12, 1), (13, 1), (14, 1), (15, 1), (16, 1), (17, 1), (18, 1), (19, 1), (20, 1), (21, 1), (22, 1), (23, 1), (24, 1)
Interconnection 9: length = 53, #bends = 3
(1, 20), (2, 20), (3, 20), (4, 20), (5, 20), (5, 21), (5, 22), (5, 23), (5, 24), (5, 25), (5, 26), (5, 27), (5, 28), (5, 29), (5, 30), (5, 31), (6, 31), (7, 31), (8, 31), (9, 31), (10, 31), (11, 31), (12, 31), (13, 31), (14, 31), (15, 31), (16, 31), (17, 31), (18, 31), (19, 31), (20, 31), (21, 31), (22, 31), (23, 31), (24, 31), (24, 30), (24, 29), (24, 28), (24, 27), (24, 26), (24, 25), (24, 24), (24, 23), (24, 22), (24, 21), (24, 20), (24, 19), (24, 18), (24, 17), (24, 16), (24, 15), (24, 14), (24, 13), (24, 12)
Interconnection 10: length = 13, #bends = 4
(28, 25), (29, 25), (30, 25), (30, 24), (30, 23), (30, 22), (30, 21), (30, 20), (30, 19), (30, 18), (29, 18), (28, 18), (28, 19), (27, 19)
