#interconnections routed = 22
Total interconnection length = 1148
The longest interconnection = 16; length = 121
Total number of bends = 156
Interconnection 1: fails.
Interconnection 2: length = 68, #bends = 7
(11, 11), (12, 11), (13, 11), (14, 11), (15, 11), (15, 10), (15, 9), (15, 8), (15, 7), (16, 7), (16, 6), (16, 5), (16, 4), (16, 3), (17, 3), (18, 3), (19, 3), (20, 3), (21, 3), (22, 3), (23, 3), (24, 3), (25, 3), (26, 3), (27, 3), (28, 3), (29, 3), (30, 3), (31, 3), (32, 3), (33, 3), (34, 3), (35, 3), (36, 3), (37, 3), (38, 3), (39, 3), (40, 3), (41, 3), (42, 3), (43, 3), (44, 3), (45, 3), (46, 3), (47, 3), (48, 3), (49, 3), (50, 3), (51, 3), (52, 3), (52, 2), (53, 2), (54, 2), (55, 2), (56, 2), (57, 2), (58, 2), (59, 2), (60, 2), (61, 2), (62, 2), (63, 2), (63, 3), (63, 4), (63, 5), (63, 6), (63, 7), (63, 8), (63, 9)
Interconnection 3: length = 39, #bends = 4
(34, 55), (34, 54), (34, 53), (34, 52), (34, 51), (34, 50), (34, 49), (34, 48), (34, 47), (34, 46), (34, 45), (34, 44), (34, 43), (34, 42), (33, 42), (32, 42), (31, 42), (30, 42), (29, 42), (28, 42), (27, 42), (26, 42), (26, 41), (26, 40), (27, 40), (28, 40), (28, 39), (28, 38), (28, 37), (28, 36), (28, 35), (28, 34), (28, 33), (28, 32), (28, 31), (28, 30), (28, 29), (28, 28), (28, 27), (28, 26)
Interconnection 4: length = 13, #bends = 3
(40, 52), (41, 52), (42, 52), (43, 52), (43, 53), (43, 54), (44, 54), (45, 54), (46, 54), (47, 54), (48, 54), (48, 55), (48, 56), (48, 57)
Interconnection 5: length = 39, #bends = 3
(58, 16), (58, 17), (58, 18), (58, 19), (58, 20), (58, 21), (58, 22), (57, 22), (56, 22), (55, 22), (54, 22), (53, 22), (53, 23), (53, 24), (53, 25), (53, 26), (53, 27), (53, 28), (53, 29), (52, 29), (51, 29), (50, 29), (49, 29), (48, 29), (47, 29), (46, 29), (45, 29), (44, 29), (43, 29), (42, 29), (41, 29), (40, 29), (39, 29), (38, 29), (37, 29), (36, 29), (35, 29), (34, 29), (33, 29), (32, 29)
Interconnection 6: length = 22, #bends = 2
(9, 44), (9, 45), (8, 45), (7, 45), (6, 45), (5, 45), (4, 45), (3, 45), (3, 44), (3, 43), (3, 42), (3, 41), (3, 40), (3, 39), (3, 38), (3, 37), (3, 36), (3, 35), (3, 34), (3, 33), (3, 32), (3, 31), (3, 30)
Interconnection 7: length = 54, #bends = 11
(29, 1), (28, 1), (27, 1), (26, 1), (25, 1), (24, 1), (23, 1), (22, 1), (21, 1), (20, 1), (19, 1), (18, 1), (17, 1), (16, 1), (15, 1), (14, 1), (14, 2), (14, 3), (14, 4), (14, 5), (13, 5), (12, 5), (11, 5), (10, 5), (9, 5), (8, 5), (7, 5), (7, 6), (7, 7), (6, 7), (5, 7), (4, 7), (4, 8), (4, 9), (4, 10), (4, 11), (3, 11), (2, 11), (1, 11), (1, 12), (1, 13), (2, 13), (3, 13), (4, 13), (5, 13), (6, 13), (6, 12), (6, 11), (6, 10), (6, 9), (7, 9), (8, 9), (9, 9), (10, 9), (10, 8)
Interconnection 8: length = 61, #bends = 10
(30, 9), (30, 10), (30, 11), (29, 11), (28, 11), (27, 11), (26, 11), (25, 11), (24, 11), (23, 11), (23, 12), (23, 13), (22, 13), (22, 14), (22, 15), (22, 16), (21, 16), (20, 16), (20, 17), (20, 18), (20, 19), (20, 20), (20, 21), (20, 22), (20, 23), (19, 23), (18, 23), (17, 23), (16, 23), (15, 23), (14, 23), (13, 23), (12, 23), (11, 23), (10, 23), (9, 23), (8, 23), (7, 23), (6, 23), (5, 23), (4, 23), (4, 24), (4, 25), (4, 26), (4, 27), (4, 28), (4, 29), (4, 30), (5, 30), (5, 31), (5, 32), (5, 33), (5, 34), (5, 35), (5, 36), (5, 37), (5, 38), (5, 39), (5, 40), (5, 41), (5, 42), (5, 43)
Interconnection 9: length = 86, #bends = 9
(10, 31), (11, 31), (12, 31), (13, 31), (14, 31), (14, 32), (14, 33), (14, 34), (14, 35), (14, 36), (14, 37), (15, 37), (16, 37), (17, 37), (18, 37), (19, 37), (20, 37), (21, 37), (22, 37), (23, 37), (23, 38), (23, 39), (23, 40), (23, 41), (23, 42), (23, 43), (23, 44), (23, 45), (23, 46), (23, 47), (23, 48), (23, 49), (23, 50), (23, 51), (23, 52), (23, 53), (22, 53), (21, 53), (20, 53), (19, 53), (18, 53), (17, 53), (16, 53), (15, 53), (14, 53), (13, 53), (12, 53), (11, 53), (10, 53), (10, 54), (10, 55), (10, 56), (9, 56), (9, 57), (9, 58), (10, 58), (11, 58), (12, 58), (13, 58), (14, 58), (15, 58), (16, 58), (17, 58), (18, 58), (19, 58), (20, 58), (21, 58), (22, 58), (23, 58), (24, 58), (25, 58), (26, 58), (27, 58), (28, 58), (29, 58), (30, 58), (31, 58), (32, 58), (33, 58), (34, 58), (35, 58), (36, 58), (36, 59), (36, 60), (36, 61), (36, 62), (36, 63)
Interconnection 10: fails.
Interconnection 11: length = 80, #bends = 10
(61, 53), (60, 53), (60, 52), (60, 51), (60, 50), (60, 49), (60, 48), (60, 47), (60, 46), (60, 45), (60, 44), (60, 43), (60, 42), (60, 41), (60, 40), (60, 39), (60, 38), (60, 37), (60, 36), (60, 35), (60, 34), (60, 33), (59, 33), (59, 32), (59, 31), (60, 31), (60, 30), (60, 29), (60, 28), (60, 27), (60, 26), (60, 25), (60, 24), (60, 23), (60, 22), (60, 21), (60, 20), (60, 19), (60, 18), (60, 17), (60, 16), (60, 15), (60, 14), (60, 13), (59, 13), (58, 13), (57, 13), (56, 13), (55, 13), (54, 13), (53, 13), (52, 13), (51, 13), (50, 13), (49, 13), (48, 13), (47, 13), (46, 13), (45, 13), (44, 13), (43, 13), (42, 13), (41, 13), (40, 13), (40, 12), (39, 12), (38, 12), (37, 12), (36, 12), (36, 13), (35, 13), (34, 13), (33, 13), (32, 13), (31, 13), (30, 13), (29, 13), (28, 13), (27, 13), (26, 13), (25, 13)
Interconnection 12: length = 36, #bends = 2
(13, 56), (13, 57), (14, 57), (15, 57), (16, 57), (17, 57), (18, 57), (19, 57), (20, 57), (21, 57), (22, 57), (23, 57), (24, 57), (25, 57), (26, 57), (27, 57), (28, 57), (29, 57), (30, 57), (31, 57), (32, 57), (33, 57), (34, 57), (35, 57), (36, 57), (37, 57), (38, 57), (39, 57), (40, 57), (41, 57), (42, 57), (43, 57), (44, 57), (45, 57), (46, 57), (46, 56), (46, 55)
Interconnection 13: fails.
Interconnection 14: length = 116, #bends = 22
(8, 52), (7, 52), (6, 52), (5, 52), (5, 51), (5, 50), (5, 49), (5, 48), (5, 47), (5, 46), (4, 46), (3, 46), (2, 46), (2, 45), (2, 44), (2, 43), (2, 42), (2, 41), (2, 40), (2, 39), (2, 38), (2, 37), (2, 36), (2, 35), (2, 34), (2, 33), (2, 32), (2, 31), (2, 30), (2, 29), (3, 29), (3, 28), (3, 27), (3, 26), (3, 25), (3, 24), (3, 23), (3, 22), (4, 22), (5, 22), (6, 22), (7, 22), (8, 22), (9, 22), (10, 22), (11, 22), (12, 22), (13, 22), (14, 22), (15, 22), (15, 21), (15, 20), (15, 19), (15, 18), (15, 17), (15, 16), (15, 15), (15, 14), (16, 14), (17, 14), (18, 14), (19, 14), (20, 14), (21, 14), (21, 13), (21, 12), (22, 12), (22, 11), (22, 10), (23, 10), (24, 10), (25, 10), (26, 10), (27, 10), (28, 10), (29, 10), (29, 9), (29, 8), (30, 8), (31, 8), (31, 9), (31, 10), (31, 11), (31, 12), (30, 12), (29, 12), (28, 12), (27, 12), (26, 12), (25, 12), (24, 12), (24, 13), (24, 14), (25, 14), (26, 14), (27, 14), (28, 14), (29, 14), (30, 14), (31, 14), (32, 14), (33, 14), (34, 14), (35, 14), (36, 14), (36, 15), (36, 16), (37, 16), (38, 16), (39, 16), (40, 16), (41, 16), (42, 16), (42, 15), (42, 14), (43, 14), (44, 14)
Interconnection 15: length = 25, #bends = 1
(18, 55), (19, 55), (20, 55), (21, 55), (22, 55), (23, 55), (24, 55), (24, 54), (24, 53), (24, 52), (24, 51), (24, 50), (24, 49), (24, 48), (24, 47), (24, 46), (24, 45), (24, 44), (24, 43), (24, 42), (24, 41), (24, 40), (24, 39), (24, 38), (24, 37), (24, 36)
Interconnection 16: length = 121, #bends = 16
(60, 32), (61, 32), (61, 33), (61, 34), (61, 35), (61, 36), (61, 37), (61, 38), (61, 39), (61, 40), (61, 41), (61, 42), (61, 43), (61, 44), (61, 45), (61, 46), (61, 47), (61, 48), (61, 49), (61, 50), (61, 51), (61, 52), (62, 52), (63, 52), (63, 53), (63, 54), (63, 55), (63, 56), (63, 57), (63, 58), (63, 59), (63, 60), (63, 61), (63, 62), (63, 63), (63, 64), (62, 64), (61, 64), (60, 64), (59, 64), (58, 64), (57, 64), (56, 64), (55, 64), (54, 64), (53, 64), (52, 64), (52, 63), (52, 62), (53, 62), (53, 61), (53, 60), (53, 59), (53, 58), (53, 57), (53, 56), (53, 55), (53, 54), (53, 53), (53, 52), (53, 51), (53, 50), (53, 49), (53, 48), (53, 47), (53, 46), (52, 46), (51, 46), (50, 46), (49, 46), (48, 46), (47, 46), (46, 46), (45, 46), (44, 46), (43, 46), (43, 47), (43, 48), (43, 49), (43, 50), (43, 51), (42, 51), (41, 51), (40, 51), (39, 51), (39, 52), (39, 53), (39, 54), (39, 55), (39, 56), (38, 56), (37, 56), (36, 56), (35, 56), (34, 56), (33, 56), (32, 56), (31, 56), (30, 56), (29, 56), (28, 56), (27, 56), (26, 56), (25, 56), (24, 56), (23, 56), (22, 56), (21, 56), (20, 56), (19, 56), (18, 56), (17, 56), (17, 55), (16, 55), (15, 55), (14, 55), (13, 55), (12, 55), (12, 56), (12, 57), (11, 57), (10, 57)
Interconnection 17: length = 16, #bends = 4
(13, 7), (12, 7), (11, 7), (10, 7), (9, 7), (9, 8), (8, 8), (7, 8), (6, 8), (5, 8), (5, 9), (5, 10), (5, 11), (5, 12), (4, 12), (3, 12), (2, 12)
Interconnection 18: fails.
Interconnection 19: length = 30, #bends = 4
(62, 28), (62, 27), (62, 26), (62, 25), (62, 24), (62, 23), (62, 22), (61, 22), (61, 21), (61, 20), (61, 19), (61, 18), (61, 17), (61, 16), (61, 15), (61, 14), (61, 13), (61, 12), (61, 11), (61, 10), (61, 9), (60, 9), (59, 9), (58, 9), (57, 9), (56, 9), (55, 9), (54, 9), (53, 9), (52, 9), (52, 8)
Interconnection 20: length = 42, #bends = 6
(22, 49), (22, 50), (22, 51), (22, 52), (21, 52), (20, 52), (19, 52), (18, 52), (17, 52), (16, 52), (15, 52), (14, 52), (13, 52), (12, 52), (11, 52), (10, 52), (9, 52), (9, 53), (9, 54), (9, 55), (8, 55), (8, 56), (8, 57), (8, 58), (8, 59), (8, 60), (7, 60), (6, 60), (5, 60), (4, 60), (3, 60), (2, 60), (1, 60), (1, 59), (1, 58), (1, 57), (1, 56), (1, 55), (1, 54), (1, 53), (1, 52), (1, 51), (1, 50)
Interconnection 21: fails.
Interconnection 22: fails.
Interconnection 23: length = 84, #bends = 8
(8, 7), (8, 6), (9, 6), (10, 6), (11, 6), (12, 6), (13, 6), (14, 6), (15, 6), (15, 5), (15, 4), (15, 3), (15, 2), (16, 2), (17, 2), (18, 2), (19, 2), (20, 2), (21, 2), (22, 2), (23, 2), (24, 2), (25, 2), (26, 2), (27, 2), (28, 2), (29, 2), (30, 2), (31, 2), (32, 2), (33, 2), (34, 2), (35, 2), (36, 2), (37, 2), (38, 2), (39, 2), (40, 2), (41, 2), (42, 2), (43, 2), (44, 2), (45, 2), (46, 2), (47, 2), (48, 2), (49, 2), (50, 2), (51, 2), (51, 1), (52, 1), (53, 1), (54, 1), (55, 1), (56, 1), (57, 1), (58, 1), (59, 1), (60, 1), (61, 1), (62, 1), (63, 1), (64, 1), (64, 2), (64, 3), (64, 4), (64, 5), (64, 6), (64, 7), (64, 8), (64, 9), (64, 10), (64, 11), (64, 12), (64, 13), (64, 14), (64, 15), (64, 16), (64, 17), (64, 18), (64, 19), (63, 19), (62, 19), (62, 20), (62, 21)
Interconnection 24: length = 30, #bends = 7
(8, 11), (9, 11), (10, 11), (10, 12), (11, 12), (12, 12), (13, 12), (14, 12), (15, 12), (16, 12), (16, 11), (16, 10), (16, 9), (16, 8), (17, 8), (17, 7), (17, 6), (17, 5), (17, 4), (18, 4), (19, 4), (20, 4), (21, 4), (22, 4), (23, 4), (24, 4), (24, 5), (24, 6), (24, 7), (24, 8), (24, 9)
Interconnection 25: length = 58, #bends = 11
(9, 31), (9, 30), (10, 30), (11, 30), (12, 30), (13, 30), (14, 30), (15, 30), (16, 30), (17, 30), (17, 29), (18, 29), (18, 28), (18, 27), (19, 27), (20, 27), (21, 27), (22, 27), (23, 27), (23, 26), (23, 25), (23, 24), (23, 23), (23, 22), (24, 22), (25, 22), (26, 22), (27, 22), (28, 22), (29, 22), (30, 22), (31, 22), (32, 22), (33, 22), (34, 22), (35, 22), (36, 22), (37, 22), (38, 22), (39, 22), (40, 22), (41, 22), (42, 22), (43, 22), (43, 21), (43, 20), (44, 20), (45, 20), (46, 20), (47, 20), (48, 20), (49, 20), (50, 20), (50, 19), (50, 18), (50, 17), (50, 16), (51, 16), (52, 16)
Interconnection 26: fails.
Interconnection 27: length = 21, #bends = 1
(41, 34), (41, 35), (41, 36), (41, 37), (41, 38), (41, 39), (41, 40), (41, 41), (40, 41), (39, 41), (38, 41), (37, 41), (36, 41), (35, 41), (34, 41), (33, 41), (32, 41), (31, 41), (30, 41), (29, 41), (28, 41), (27, 41)
Interconnection 28: length = 43, #bends = 6
(31, 34), (31, 33), (31, 32), (31, 31), (31, 30), (31, 29), (30, 29), (29, 29), (29, 28), (29, 27), (29, 26), (29, 25), (29, 24), (30, 24), (31, 24), (32, 24), (33, 24), (34, 24), (35, 24), (36, 24), (37, 24), (38, 24), (39, 24), (40, 24), (41, 24), (42, 24), (43, 24), (43, 25), (44, 25), (45, 25), (46, 25), (47, 25), (48, 25), (49, 25), (50, 25), (51, 25), (51, 24), (51, 23), (51, 22), (51, 21), (51, 20), (51, 19), (51, 18), (51, 17)
Interconnection 29: length = 64, #bends = 9
(2, 59), (2, 58), (2, 57), (2, 56), (2, 55), (2, 54), (2, 53), (2, 52), (2, 51), (2, 50), (2, 49), (2, 48), (2, 47), (1, 47), (1, 46), (1, 45), (1, 44), (1, 43), (1, 42), (1, 41), (1, 40), (1, 39), (1, 38), (1, 37), (1, 36), (1, 35), (1, 34), (1, 33), (1, 32), (1, 31), (1, 30), (1, 29), (1, 28), (2, 28), (2, 27), (2, 26), (2, 25), (2, 24), (2, 23), (2, 22), (2, 21), (3, 21), (4, 21), (5, 21), (6, 21), (7, 21), (8, 21), (8, 20), (8, 19), (8, 18), (8, 17), (8, 16), (8, 15), (8, 14), (8, 13), (8, 12), (7, 12), (7, 11), (7, 10), (8, 10), (9, 10), (10, 10), (11, 10), (12, 10), (13, 10)
Interconnection 30: fails.
